<?xml version="1.0" encoding="UTF-8"?>
<!-- Generated by org.testng.reporters.JUnitReportReporter -->
<testsuite hostname="DESKTOP-262HHAB" failures="0" tests="3" name="demo2.DropDown" time="14.270" errors="0" timestamp="2021-10-20T23:07:20 IST" skipped="0">
  <testcase classname="demo2.DropDown" name="test1" time="4.686"/>
  <system-out/>
  <testcase classname="demo2.DropDown" name="test2" time="4.565"/>
  <system-out/>
  <testcase classname="demo2.DropDown" name="test3" time="5.019"/>
  <system-out/>
</testsuite> <!-- demo2.DropDown -->
