<?xml version="1.0" encoding="UTF-8"?>
<!-- Generated by org.testng.reporters.JUnitReportReporter -->
<testsuite hostname="DESKTOP-262HHAB" failures="0" tests="4" name="demo2.AlertHandle" time="30.454" errors="0" timestamp="2021-10-20T22:50:40 IST" skipped="0">
  <testcase classname="demo2.AlertHandle" name="test1" time="8.283"/>
  <system-out/>
  <testcase classname="demo2.AlertHandle" name="test3" time="7.389"/>
  <system-out/>
  <testcase classname="demo2.AlertHandle" name="test2" time="7.778"/>
  <system-out/>
  <testcase classname="demo2.AlertHandle" name="test4" time="7.004"/>
  <system-out/>
</testsuite> <!-- demo2.AlertHandle -->
