<?xml version="1.0" encoding="UTF-8"?>
<!-- Generated by org.testng.reporters.JUnitReportReporter -->
<testsuite hostname="DESKTOP-262HHAB" failures="0" tests="1" name="demo2.NewWindow" time="5.465" errors="0" timestamp="2021-10-20T23:58:54 IST" skipped="0">
  <testcase classname="demo2.NewWindow" name="handleMultipleWindow" time="5.465"/>
  <system-out/>
</testsuite> <!-- demo2.NewWindow -->
