<?xml version="1.0" encoding="UTF-8"?>
<!-- Generated by org.testng.reporters.JUnitReportReporter -->
<testsuite hostname="DESKTOP-262HHAB" failures="0" tests="1" name="demo2.Iframe" time="4.376" errors="0" timestamp="2021-10-20T23:53:50 IST" skipped="0">
  <testcase classname="demo2.Iframe" name="testMethod" time="4.376"/>
  <system-out/>
</testsuite> <!-- demo2.Iframe -->
