<?xml version="1.0" encoding="UTF-8"?>
<!-- Generated by org.testng.reporters.JUnitReportReporter -->
<testsuite hostname="DESKTOP-262HHAB" failures="0" tests="1" name="demo2.MyntraClass" time="8.747" errors="0" timestamp="2021-10-21T00:04:55 IST" skipped="0">
  <testcase classname="demo2.MyntraClass" name="clockUrl" time="8.747"/>
  <system-out/>
</testsuite> <!-- demo2.MyntraClass -->
